Build started 11/30/2016 10:22:59 AM.
     1>Project "C:\Users\o.mandrychenko\Downloads\TRS\trs-master\FoldersCreator\FoldersCreator.vcxproj" on node 2 (Build target(s)).
     1>ClCompile:
         C:\Program Files (x86)\Microsoft Visual Studio 12.0\VC\bin\CL.exe /c /I"C:\Users\o.mandrychenko\Downloads\TRS\trs-master\\" /ZI /nologo /W3 /WX- /sdl /Od /Oy- /D WIN32 /D _DEBUG /D _CONSOLE /D _LIB /D _UNICODE /D UNICODE /Gm /EHsc /RTC1 /MDd /GS /fp:precise /Zc:wchar_t /Zc:forScope /Yc"stdafx.h" /Fp"Debug\FoldersCreator.pch" /Fo"Debug\\" /Fd"Debug\vc120.pdb" /Gd /TP /analyze- /errorReport:prompt stdafx.cpp
         stdafx.cpp
         C:\Program Files (x86)\Microsoft Visual Studio 12.0\VC\bin\CL.exe /c /I"C:\Users\o.mandrychenko\Downloads\TRS\trs-master\\" /ZI /nologo /W3 /WX- /sdl /Od /Oy- /D WIN32 /D _DEBUG /D _CONSOLE /D _LIB /D _UNICODE /D UNICODE /Gm /EHsc /RTC1 /MDd /GS /fp:precise /Zc:wchar_t /Zc:forScope /Yu"stdafx.h" /Fp"Debug\FoldersCreator.pch" /Fo"Debug\\" /Fd"Debug\vc120.pdb" /Gd /TP /analyze- /errorReport:prompt Converters.cpp FoldersCreator.cpp FoldersTreeMaker.cpp TinyXML\tinystr.cpp TinyXML\tinyxml.cpp TinyXML\tinyxmlerror.cpp TinyXML\tinyxmlparser.cpp XmlCreator.cpp
         XmlCreator.cpp
     1>c:\users\o.mandrychenko\downloads\trs\trs-master\trslibrary\suite.h(20): warning C4251: 'Suite::testList' : class 'std::list<TRSTest *,std::allocator<_Ty>>' needs to have dll-interface to be used by clients of class 'Suite'
                 with
                 [
                     _Ty=TRSTest *
                 ]
         tinyxmlparser.cpp
     1>c:\users\o.mandrychenko\downloads\trs\trs-master\folderscreator\tinyxml\tinyxmlparser.cpp(25): warning C4627: '#include <ctype.h>': skipped when looking for precompiled header use
                 Add directive to 'stdafx.h' or rebuild precompiled header
     1>c:\users\o.mandrychenko\downloads\trs\trs-master\folderscreator\tinyxml\tinyxmlparser.cpp(26): warning C4627: '#include <stddef.h>': skipped when looking for precompiled header use
                 Add directive to 'stdafx.h' or rebuild precompiled header
         tinyxmlerror.cpp
         tinyxml.cpp
     1>c:\users\o.mandrychenko\downloads\trs\trs-master\folderscreator\tinyxml\tinyxml.cpp(25): warning C4627: '#include <ctype.h>': skipped when looking for precompiled header use
                 Add directive to 'stdafx.h' or rebuild precompiled header
     1>c:\users\o.mandrychenko\downloads\trs\trs-master\folderscreator\tinyxml\tinyxml.cpp(28): warning C4627: '#include <sstream>': skipped when looking for precompiled header use
                 Add directive to 'stdafx.h' or rebuild precompiled header
     1>c:\users\o.mandrychenko\downloads\trs\trs-master\folderscreator\tinyxml\tinyxml.cpp(29): warning C4627: '#include <iostream>': skipped when looking for precompiled header use
                 Add directive to 'stdafx.h' or rebuild precompiled header
         tinystr.cpp
         FoldersTreeMaker.cpp
     1>c:\users\o.mandrychenko\downloads\trs\trs-master\trslibrary\suite.h(20): warning C4251: 'Suite::testList' : class 'std::list<TRSTest *,std::allocator<_Ty>>' needs to have dll-interface to be used by clients of class 'Suite'
                 with
                 [
                     _Ty=TRSTest *
                 ]
     1>c:\users\o.mandrychenko\downloads\trs\trs-master\folderscreator\folderstreemaker.cpp(153): warning C4244: 'initializing' : conversion from 'std::streamoff' to 'long', possible loss of data
         FoldersCreator.cpp
     1>c:\users\o.mandrychenko\downloads\trs\trs-master\trslibrary\suite.h(20): warning C4251: 'Suite::testList' : class 'std::list<TRSTest *,std::allocator<_Ty>>' needs to have dll-interface to be used by clients of class 'Suite'
                 with
                 [
                     _Ty=TRSTest *
                 ]
         Converters.cpp
     1>c:\users\o.mandrychenko\downloads\trs\trs-master\folderscreator\converters.cpp(7): warning C4244: 'initializing' : conversion from 'TCHAR' to 'char', possible loss of data
     1>c:\users\o.mandrychenko\downloads\trs\trs-master\folderscreator\converters.cpp(13): warning C4244: '=' : conversion from 'TCHAR' to 'char', possible loss of data
         Generating Code...
       Link:
         C:\Program Files (x86)\Microsoft Visual Studio 12.0\VC\bin\link.exe /ERRORREPORT:PROMPT /OUT:"C:\Users\o.mandrychenko\Downloads\TRS\trs-master\Debug\FoldersCreator.exe" /INCREMENTAL /NOLOGO kernel32.lib user32.lib gdi32.lib winspool.lib comdlg32.lib advapi32.lib shell32.lib ole32.lib oleaut32.lib uuid.lib odbc32.lib odbccp32.lib /MANIFEST /MANIFESTUAC:"level='asInvoker' uiAccess='false'" /manifest:embed /DEBUG /PDB:"C:\Users\o.mandrychenko\Downloads\TRS\trs-master\Debug\FoldersCreator.pdb" /SUBSYSTEM:CONSOLE /TLBID:1 /DYNAMICBASE /NXCOMPAT /IMPLIB:"C:\Users\o.mandrychenko\Downloads\TRS\trs-master\Debug\FoldersCreator.lib" /MACHINE:X86 Debug\Converters.obj
         Debug\FoldersCreator.obj
         Debug\FoldersTreeMaker.obj
         Debug\stdafx.obj
         Debug\tinystr.obj
         Debug\tinyxml.obj
         Debug\tinyxmlerror.obj
         Debug\tinyxmlparser.obj
         Debug\XmlCreator.obj
         "C:\Users\o.mandrychenko\Downloads\TRS\trs-master\Debug\TRSLibrary.lib"
            Creating library C:\Users\o.mandrychenko\Downloads\TRS\trs-master\Debug\FoldersCreator.lib and object C:\Users\o.mandrychenko\Downloads\TRS\trs-master\Debug\FoldersCreator.exp
     1>FoldersCreator.obj : warning LNK4217: locally defined symbol ??0FoldersTreeMaker@@QAE@PAD0@Z (public: __thiscall FoldersTreeMaker::FoldersTreeMaker(char *,char *)) imported in function _wmain
     1>FoldersCreator.obj : warning LNK4217: locally defined symbol ??1FoldersTreeMaker@@QAE@XZ (public: __thiscall FoldersTreeMaker::~FoldersTreeMaker(void)) imported in function _wmain
     1>FoldersCreator.obj : warning LNK4217: locally defined symbol ?MakeTree@FoldersTreeMaker@@QAE_NXZ (public: bool __thiscall FoldersTreeMaker::MakeTree(void)) imported in function _wmain
         FoldersCreator.vcxproj -> C:\Users\o.mandrychenko\Downloads\TRS\trs-master\Debug\FoldersCreator.exe
     1>Done Building Project "C:\Users\o.mandrychenko\Downloads\TRS\trs-master\FoldersCreator\FoldersCreator.vcxproj" (Build target(s)).

Build succeeded.

Time Elapsed 00:00:04.40
